<?xml version="1.0" encoding="UTF-8"?>
<!-- Generated by org.testng.reporters.JUnitXMLReporter -->
<testsuite ignored="1" hostname="Maharshis-MBP.fritz.box" failures="0" tests="1" name="NegativeUserAndPasswordTests" time="9.86" errors="0" timestamp="29 Mar 2020 09:45:27 GMT">
  <testcase classname="guru99.test.PositiveLoginTests" name="negativeLoginTests" time="6.229"/>
  <testcase classname="guru99.test.PositiveLoginTests" name="positivLogin" time="0.0">
    <ignored/>
  </testcase> <!-- positivLogin -->
</testsuite> <!-- NegativeUserAndPasswordTests -->
