<?xml version="1.0" encoding="UTF-8"?>
<!-- Generated by org.testng.reporters.JUnitXMLReporter -->
<testsuite ignored="1" hostname="Maharshis-MBP.fritz.box" failures="0" tests="1" name="NegativePasswordTests" time="8.378" errors="0" timestamp="29 Mar 2020 09:45:25 GMT">
  <testcase classname="guru99.test.PositiveLoginTests" name="negativeLoginTests" time="4.403"/>
  <testcase classname="guru99.test.PositiveLoginTests" name="positivLogin" time="0.0">
    <ignored/>
  </testcase> <!-- positivLogin -->
</testsuite> <!-- NegativePasswordTests -->
