<?xml version="1.0" encoding="UTF-8"?>
<!-- Generated by org.testng.reporters.JUnitXMLReporter -->
<testsuite ignored="1" hostname="Maharshis-MBP.fritz.box" failures="0" tests="1" name="PositiveLoginTests" time="11.222" errors="0" timestamp="29 Mar 2020 09:45:28 GMT">
  <testcase classname="guru99.test.PositiveLoginTests" name="positivLogin" time="7.596"/>
  <testcase classname="guru99.test.PositiveLoginTests" name="negativeLoginTests" time="0.0">
    <ignored/>
  </testcase> <!-- negativeLoginTests -->
</testsuite> <!-- PositiveLoginTests -->
